[Message] Loaded config\custom.xml
[Message] Loaded config\custom_opts.ini
[Message] [config.binds] change_to_normalLeft(+)Esc|Right(+)Esc|Up(+)Esc|Down(+)Esc|F9
[Message] [config.binds] change_to_inserti
[Message] [config.binds] change_to_visualv
[Message] [config.binds] change_to_editorI|G->I
[Message] [config.binds] change_to_command:
[Message] [config.binds] select_allV|Ctrl(+)V
[Message] [config.binds] move_lefth|Ctrl(+)h|BkSpace|Left
[Message] [config.binds] move_rightl| |Right
[Message] [config.binds] move_upk|-|g->k|Ctrl(+)p|Up
[Message] [config.binds] move_downj|+|g->j|Ctrl(+)j|Ctrl(+)n|Down|Enter|Ctrl(+)m
[Message] [config.binds] jump_to_left0|^|Home|g->0|g->^
[Message] [config.binds] jump_to_right$|End|g->$
[Message] [config.binds] jump_to_topg->g
[Message] [config.binds] jump_to_bottomG
[Message] [config.binds] jump_to_xcenterg->m|g->M
[Message] [config.binds] jump_to_ycenterM
[Message] [config.binds] jump_to_anyf|F
[Message] [config.binds] jump_to_active_windowt|T
[Message] [config.binds] scroll_upCtrl(+)y
[Message] [config.binds] scroll_downCtrl(+)e
[Message] [config.binds] scroll_mid_upCtrl(+)u
[Message] [config.binds] scroll_mid_downCtrl(+)d
[Message] [config.binds] scroll_page_upCtrl(+)b
[Message] [config.binds] scroll_page_downCtrl(+)f
[Message] [config.binds] scroll_leftz->h|z(+)h
[Message] [config.binds] scroll_rightz->l|z(+)l
[Message] [config.binds] scroll_mid_leftz->H|z(+)H
[Message] [config.binds] scroll_mid_rightz->L|z(+)L
[Message] [config.binds] click_lefto|O
[Message] [config.binds] click_righta|A
[Message] [config.binds] cb_copyy|y->y|Y
[Message] [config.binds] cb_pastep|P
[Message] [config.binds] cb_cutd->d|D
[Message] [config.binds] cb_deletex|Delete|X
[Message] [config.binds] sc_redoCtrl(+)r
[Message] [config.binds] sc_undou|U
[Message] [config.binds] switch_vdesktop_to_leftg->T
[Message] [config.binds] switch_vdesktop_to_rightg->t
[Message] [config.binds] search_pattern/|?
[Message] [config.binds] close_current_windowCtrl(+)w->q|Ctrl(+)w->c
[Message] [config.binds] switch_windowCtrl(+)w->s
[Message] [config.binds] maximize_current_windowCtrl(+)w->k|Ctrl(+)w->a
[Message] [config.binds] minimize_current_windowCtrl(+)w->j|Ctrl(+)w->i
[Message] [config.binds] snap_current_window_to_leftCtrl(+)w->h|Ctrl(+)w-><
[Message] [config.binds] snap_current_window_to_rightCtrl(+)w->l|Ctrl(+)w->>
[Message] [config.binds] move_to_next_page>
[Message] [config.binds] move_to_prev_page<
[Message] [config.binds] change_to_edi_normalEsc
[Message] [config.binds] change_to_edi_inserti|I|G->I
[Message] [config.binds] change_to_edi_bkinserta|A
[Message] [config.binds] change_to_edi_nlinserto|O
[Message] [config.binds] change_to_edi_visualv|V|Ctrl(+)V
[Message] [config.binds] edi_move_lefth|Ctrl(+)h|BkSpace|Left
[Message] [config.binds] edi_move_rightl|Space|Right
[Message] [config.binds] edi_move_upk|-|g->k|Ctrl(+)P|Up
[Message] [config.binds] edi_move_downj|+|g->j|Ctrl(+)j|Ctrl(+)n|Down|Enter|Ctrl(+)m
[Message] [config.commands] save_opened_filew|w_f|w_a|w_c|up|wall
[Message] [config.commands] close_opened_fileq|qa|q!|qa!
[Message] [config.commands] close_current_windowcl|close
[Message] [config.commands] switch_windowsw|switch
[Message] [config.commands] maximize_current_windowmax|on|only
[Message] [config.commands] minimize_current_windowmin|hi|hide
[Message] [config.commands] snap_current_window_to_leftlsplit
[Message] [config.commands] snap_current_window_to_rightrsplit
[Message] [config.commands] start_shellsh|shell
[Message] [config.commands] start_any_app!OPTIONAL_COMMAND
[Message] [config.binds] edi_move_downj|+|g->j|Ctrl(+)j|Ctrl(+)n|Down|Enter|Ctrl(+)m
[Message] [config.binds] edi_move_upk|-|g->k|Ctrl(+)P|Up
[Message] [config.binds] change_to_edi_visualv|V|Ctrl(+)V
[Message] [config.binds] change_to_edi_nlinserto|O
[Message] [config.binds] change_to_edi_bkinserta|A
[Message] [config.binds] change_to_edi_normalEsc
[Message] [config.binds] edi_move_rightl|Space|Right
[Message] [config.binds] move_to_prev_page<
[Message] [config.binds] move_rightl| |Right
[Message] [config.binds] cb_deletex|Delete|X
[Message] [config.binds] change_to_edi_inserti|I|G->I
[Message] [config.binds] scroll_mid_downCtrl(+)d
[Message] [config.binds] edi_move_lefth|Ctrl(+)h|BkSpace|Left
[Message] [config.binds] jump_to_topg->g
[Message] [config.binds] jump_to_ycenterM
[Message] [config.binds] jump_to_active_windowt|T
[Message] [config.binds] scroll_page_upCtrl(+)b
[Message] [config.binds] jump_to_bottomG
[Message] [config.binds] close_current_windowCtrl(+)w->q|Ctrl(+)w->c
[Message] [config.binds] jump_to_right$|End|g->$
[Message] [config.binds] cb_pastep|P
[Message] [config.binds] jump_to_left0|^|Home|g->0|g->^
[Message] [config.binds] cb_cutd->d|D
[Message] [config.binds] scroll_leftz->h|z(+)h
[Message] [config.binds] change_to_editorI|G->I
[Message] [config.binds] jump_to_anyf|F
[Message] [config.binds] select_allV|Ctrl(+)V
[Message] [config.binds] scroll_upCtrl(+)y
[Message] [config.binds] change_to_normalLeft(+)Esc|Right(+)Esc|Up(+)Esc|Down(+)Esc|F9
[Message] [config.binds] change_to_inserti
[Message] [config.binds] cb_copyy|y->y|Y
[Message] [config.binds] move_lefth|Ctrl(+)h|BkSpace|Left
[Message] [config.binds] search_pattern/|?
[Message] [config.binds] change_to_visualv
[Message] [config.binds] change_to_command:
[Message] [config.binds] click_righta|A
[Message] [config.binds] move_downj|+|g->j|Ctrl(+)j|Ctrl(+)n|Down|Enter|Ctrl(+)m
[Message] [config.binds] scroll_mid_upCtrl(+)u
[Message] [config.binds] scroll_page_downCtrl(+)f
[Message] [config.binds] scroll_rightz->l|z(+)l
[Message] [config.binds] move_upk|-|g->k|Ctrl(+)p|Up
[Message] [config.binds] scroll_mid_leftz->H|z(+)H
[Message] [config.binds] click_lefto|O
[Message] [config.binds] scroll_mid_rightz->L|z(+)L
[Message] [config.binds] sc_redoCtrl(+)r
[Message] [config.binds] snap_current_window_to_rightCtrl(+)w->l|Ctrl(+)w->>
[Message] [config.binds] sc_undou|U
[Message] [config.binds] switch_windowCtrl(+)w->s
[Message] [config.binds] jump_to_xcenterg->m|g->M
[Message] [config.binds] switch_vdesktop_to_leftg->T
[Message] [config.binds] minimize_current_windowCtrl(+)w->j|Ctrl(+)w->i
[Message] [config.binds] switch_vdesktop_to_rightg->t
[Message] [config.binds] scroll_downCtrl(+)e
[Message] [config.binds] maximize_current_windowCtrl(+)w->k|Ctrl(+)w->a
[Message] [config.binds] snap_current_window_to_leftCtrl(+)w->h|Ctrl(+)w-><
[Message] [config.binds] move_to_next_page>
[Message] [config.commands] start_shellsh|shell
[Message] [config.commands] snap_current_window_to_rightrsplit
[Message] [config.commands] start_any_app!OPTIONAL_COMMAND
[Message] [config.commands] snap_current_window_to_leftlsplit
[Message] [config.commands] minimize_current_windowmin|hi|hide
[Message] [config.commands] save_opened_filew|w_f|w_a|w_c|up|wall
[Message] [config.commands] close_opened_fileq|qa|q!|qa!
[Message] [config.commands] close_current_windowcl|close
[Message] [config.commands] maximize_current_windowmax|on|only
[Message] [config.commands] switch_windowsw|switch
[Message] [config.binds] move_to_next_page>
[Message] [config.binds] snap_current_window_to_leftCtrl(+)w->h|Ctrl(+)w-><
[Message] [config.binds] maximize_current_windowCtrl(+)w->k|Ctrl(+)w->a
[Message] [config.binds] scroll_downCtrl(+)e
[Message] [config.binds] switch_vdesktop_to_rightg->t
[Message] [config.binds] minimize_current_windowCtrl(+)w->j|Ctrl(+)w->i
[Message] [config.binds] switch_vdesktop_to_leftg->T
[Message] [config.binds] jump_to_xcenterg->m|g->M
[Message] [config.binds] switch_windowCtrl(+)w->s
[Message] [config.binds] sc_undou|U
[Message] [config.binds] cb_pastep|P
[Message] [config.binds] jump_to_right$|End|g->$
[Message] [config.binds] scroll_page_upCtrl(+)b
[Message] [config.binds] jump_to_active_windowt|T
[Message] [config.binds] jump_to_ycenterM
[Message] [config.binds] jump_to_bottomG
[Message] [config.binds] close_current_windowCtrl(+)w->q|Ctrl(+)w->c
[Message] [config.binds] jump_to_topg->g
[Message] [config.binds] edi_move_lefth|Ctrl(+)h|BkSpace|Left
[Message] [config.binds] scroll_mid_downCtrl(+)d
[Message] [config.binds] change_to_edi_inserti|I|G->I
[Message] [config.binds] change_to_edi_visualv|V|Ctrl(+)V
[Message] [config.binds] edi_move_downj|+|g->j|Ctrl(+)j|Ctrl(+)n|Down|Enter|Ctrl(+)m
[Message] [config.binds] change_to_edi_normalEsc
[Message] [config.binds] change_to_edi_bkinserta|A
[Message] [config.binds] move_to_prev_page<
[Message] [config.binds] edi_move_rightl|Space|Right
[Message] [config.binds] edi_move_upk|-|g->k|Ctrl(+)P|Up
[Message] [config.binds] change_to_edi_nlinserto|O
[Message] [config.binds] move_rightl| |Right
[Message] [config.binds] cb_deletex|Delete|X
[Message] [config.binds] jump_to_left0|^|Home|g->0|g->^
[Message] [config.binds] cb_cutd->d|D
[Message] [config.binds] scroll_leftz->h|z(+)h
[Message] [config.binds] change_to_editorI|G->I
[Message] [config.binds] select_allV|Ctrl(+)V
[Message] [config.binds] jump_to_anyf|F
[Message] [config.binds] scroll_upCtrl(+)y
[Message] [config.binds] change_to_visualv
[Message] [config.binds] search_pattern/|?
[Message] [config.binds] change_to_normalLeft(+)Esc|Right(+)Esc|Up(+)Esc|Down(+)Esc|F9
[Message] [config.binds] change_to_inserti
[Message] [config.binds] cb_copyy|y->y|Y
[Message] [config.binds] move_lefth|Ctrl(+)h|BkSpace|Left
[Message] [config.binds] change_to_command:
[Message] [config.binds] click_righta|A
[Message] [config.binds] move_downj|+|g->j|Ctrl(+)j|Ctrl(+)n|Down|Enter|Ctrl(+)m
[Message] [config.binds] scroll_mid_upCtrl(+)u
[Message] [config.binds] scroll_page_downCtrl(+)f
[Message] [config.binds] scroll_rightz->l|z(+)l
[Message] [config.binds] move_upk|-|g->k|Ctrl(+)p|Up
[Message] [config.binds] scroll_mid_leftz->H|z(+)H
[Message] [config.binds] click_lefto|O
[Message] [config.binds] scroll_mid_rightz->L|z(+)L
[Message] [config.binds] sc_redoCtrl(+)r
[Message] [config.binds] snap_current_window_to_rightCtrl(+)w->l|Ctrl(+)w->>
[Message] [config.commands] switch_windowsw|switch
[Message] [config.commands] maximize_current_windowmax|on|only
[Message] [config.commands] close_current_windowcl|close
[Message] [config.commands] close_opened_fileq|qa|q!|qa!
[Message] [config.commands] start_shellsh|shell
[Message] [config.commands] save_opened_filew|w_f|w_a|w_c|up|wall
[Message] [config.commands] start_any_app!OPTIONAL_COMMAND
[Message] [config.commands] snap_current_window_to_leftlsplit
[Message] [config.commands] minimize_current_windowmin|hi|hide
[Message] Refreshed successfully (Option: autotrack_popup)
